2024-06-08 14:18:15,610 ::DataConnectionModule-> root - WARNING - Execute it before
2024-06-08 14:18:19,217 ::DataConnectionModule-> root - INFO - Connection created
2024-06-08 14:18:19,219 ::DataConnectionModule-> root - ERROR - Failed to upload data to marcoscervera_coderhouse.prueba:
Unable to find a usable engine; tried using: 'sqlalchemy'.
A suitable version of sqlalchemy is required for sql I/O support.
Trying to import the above resulted in these errors:
 - Pandas requires version '1.4.16' or newer of 'sqlalchemy' (version '1.3.20' currently installed).
2024-06-08 14:18:19,219 ::DataConnectionModule-> root - ERROR - Not able to upload data
Unable to find a usable engine; tried using: 'sqlalchemy'.
A suitable version of sqlalchemy is required for sql I/O support.
Trying to import the above resulted in these errors:
 - Pandas requires version '1.4.16' or newer of 'sqlalchemy' (version '1.3.20' currently installed).
2024-06-08 14:18:19,223 ::DataConnectionModule-> root - INFO - Connection to Redshift closed.
2024-06-08 14:20:08,233 ::DataConnectionModule-> root - WARNING - Execute it before
2024-06-08 14:20:11,481 ::DataConnectionModule-> root - INFO - Connection created
2024-06-08 14:20:11,483 ::DataConnectionModule-> root - ERROR - Failed to upload data to marcoscervera_coderhouse.prueba:
Unable to find a usable engine; tried using: 'sqlalchemy'.
A suitable version of sqlalchemy is required for sql I/O support.
Trying to import the above resulted in these errors:
 - Pandas requires version '1.4.16' or newer of 'sqlalchemy' (version '1.3.20' currently installed).
2024-06-08 14:20:11,483 ::DataConnectionModule-> root - ERROR - Not able to upload data
Unable to find a usable engine; tried using: 'sqlalchemy'.
A suitable version of sqlalchemy is required for sql I/O support.
Trying to import the above resulted in these errors:
 - Pandas requires version '1.4.16' or newer of 'sqlalchemy' (version '1.3.20' currently installed).
2024-06-08 14:20:11,484 ::DataConnectionModule-> root - INFO - Connection to Redshift closed.
2024-06-08 14:23:44,948 ::DataConnectionModule-> root - WARNING - Execute it before
2024-06-08 14:23:48,179 ::DataConnectionModule-> root - INFO - Connection created
2024-06-08 14:23:48,182 ::DataConnectionModule-> root - ERROR - Failed to upload data to marcoscervera_coderhouse.prueba:
Unable to find a usable engine; tried using: 'sqlalchemy'.
A suitable version of sqlalchemy is required for sql I/O support.
Trying to import the above resulted in these errors:
 - Pandas requires version '1.4.16' or newer of 'sqlalchemy' (version '1.3.20' currently installed).
2024-06-08 14:23:48,182 ::DataConnectionModule-> root - ERROR - Not able to upload data
Unable to find a usable engine; tried using: 'sqlalchemy'.
A suitable version of sqlalchemy is required for sql I/O support.
Trying to import the above resulted in these errors:
 - Pandas requires version '1.4.16' or newer of 'sqlalchemy' (version '1.3.20' currently installed).
2024-06-08 14:23:48,183 ::DataConnectionModule-> root - INFO - Connection to Redshift closed.
2024-06-08 14:26:33,710 ::DataConnectionModule-> root - WARNING - Execute it before
2024-06-08 14:26:37,111 ::DataConnectionModule-> root - INFO - Connection created
2024-06-08 14:26:37,111 ::DataConnectionModule-> root - ERROR - Failed to upload data to marcoscervera_coderhouse.prueba:
Unable to find a usable engine; tried using: 'sqlalchemy'.
A suitable version of sqlalchemy is required for sql I/O support.
Trying to import the above resulted in these errors:
 - Pandas requires version '1.4.16' or newer of 'sqlalchemy' (version '1.3.20' currently installed).
2024-06-08 14:26:37,111 ::DataConnectionModule-> root - ERROR - Not able to upload data
Unable to find a usable engine; tried using: 'sqlalchemy'.
A suitable version of sqlalchemy is required for sql I/O support.
Trying to import the above resulted in these errors:
 - Pandas requires version '1.4.16' or newer of 'sqlalchemy' (version '1.3.20' currently installed).
2024-06-08 14:26:37,111 ::DataConnectionModule-> root - INFO - Connection to Redshift closed.
2024-06-08 16:20:00,864 ::DataConnectionModule-> root - WARNING - Execute it before
2024-06-08 16:20:04,562 ::DataConnectionModule-> root - INFO - Connection created
2024-06-08 16:20:04,562 ::DataConnectionModule-> root - ERROR - Failed to upload data to marcoscervera_coderhouse.prueba:
Unable to find a usable engine; tried using: 'sqlalchemy'.
A suitable version of sqlalchemy is required for sql I/O support.
Trying to import the above resulted in these errors:
 - Pandas requires version '1.4.16' or newer of 'sqlalchemy' (version '1.3.20' currently installed).
2024-06-08 16:20:04,563 ::DataConnectionModule-> root - ERROR - Not able to upload data
Unable to find a usable engine; tried using: 'sqlalchemy'.
A suitable version of sqlalchemy is required for sql I/O support.
Trying to import the above resulted in these errors:
 - Pandas requires version '1.4.16' or newer of 'sqlalchemy' (version '1.3.20' currently installed).
2024-06-08 16:20:04,563 ::DataConnectionModule-> root - INFO - Connection to Redshift closed.
2024-06-08 16:28:58,530 ::DataConnectionModule-> root - WARNING - Execute it before
2024-06-08 16:29:02,154 ::DataConnectionModule-> root - INFO - Connection created
2024-06-08 16:29:02,156 ::DataConnectionModule-> root - ERROR - Failed to upload data to marcoscervera_coderhouse.prueba:
Unable to find a usable engine; tried using: 'sqlalchemy'.
A suitable version of sqlalchemy is required for sql I/O support.
Trying to import the above resulted in these errors:
 - Pandas requires version '1.4.16' or newer of 'sqlalchemy' (version '1.3.20' currently installed).
2024-06-08 16:29:02,156 ::DataConnectionModule-> root - ERROR - Not able to upload data
Unable to find a usable engine; tried using: 'sqlalchemy'.
A suitable version of sqlalchemy is required for sql I/O support.
Trying to import the above resulted in these errors:
 - Pandas requires version '1.4.16' or newer of 'sqlalchemy' (version '1.3.20' currently installed).
2024-06-08 16:29:02,158 ::DataConnectionModule-> root - INFO - Connection to Redshift closed.
2024-06-08 16:30:24,047 ::DataConnectionModule-> root - WARNING - Execute it before
2024-06-08 16:30:27,444 ::DataConnectionModule-> root - INFO - Connection created
2024-06-08 16:30:27,444 ::DataConnectionModule-> root - ERROR - Failed to upload data to marcoscervera_coderhouse.prueba:
Unable to find a usable engine; tried using: 'sqlalchemy'.
A suitable version of sqlalchemy is required for sql I/O support.
Trying to import the above resulted in these errors:
 - Pandas requires version '1.4.16' or newer of 'sqlalchemy' (version '1.3.20' currently installed).
2024-06-08 16:30:27,444 ::DataConnectionModule-> root - ERROR - Not able to upload data
Unable to find a usable engine; tried using: 'sqlalchemy'.
A suitable version of sqlalchemy is required for sql I/O support.
Trying to import the above resulted in these errors:
 - Pandas requires version '1.4.16' or newer of 'sqlalchemy' (version '1.3.20' currently installed).
2024-06-08 16:30:27,445 ::DataConnectionModule-> root - INFO - Connection to Redshift closed.
2024-06-08 16:35:41,536 ::DataConnectionModule-> root - INFO - Connection created
2024-06-08 16:35:41,536 ::DataConnectionModule-> root - ERROR - Failed to upload data to marcoscervera_coderhouse.prueba:
Unable to find a usable engine; tried using: 'sqlalchemy'.
A suitable version of sqlalchemy is required for sql I/O support.
Trying to import the above resulted in these errors:
 - Pandas requires version '1.4.16' or newer of 'sqlalchemy' (version '1.3.20' currently installed).
2024-06-08 16:35:41,536 ::DataConnectionModule-> root - ERROR - Not able to upload data
Unable to find a usable engine; tried using: 'sqlalchemy'.
A suitable version of sqlalchemy is required for sql I/O support.
Trying to import the above resulted in these errors:
 - Pandas requires version '1.4.16' or newer of 'sqlalchemy' (version '1.3.20' currently installed).
2024-06-08 16:35:41,537 ::DataConnectionModule-> root - INFO - Connection to Redshift closed.
2024-06-08 16:37:17,766 ::DataConnectionModule-> root - INFO - Connection created
2024-06-08 16:37:17,767 ::DataConnectionModule-> root - ERROR - Failed to upload data to marcoscervera_coderhouse.prueba:
Unable to find a usable engine; tried using: 'sqlalchemy'.
A suitable version of sqlalchemy is required for sql I/O support.
Trying to import the above resulted in these errors:
 - Pandas requires version '1.4.16' or newer of 'sqlalchemy' (version '1.3.20' currently installed).
2024-06-08 16:37:17,767 ::DataConnectionModule-> root - ERROR - Not able to upload data
Unable to find a usable engine; tried using: 'sqlalchemy'.
A suitable version of sqlalchemy is required for sql I/O support.
Trying to import the above resulted in these errors:
 - Pandas requires version '1.4.16' or newer of 'sqlalchemy' (version '1.3.20' currently installed).
2024-06-08 16:37:17,767 ::DataConnectionModule-> root - INFO - Connection to Redshift closed.
2024-06-08 16:47:09,592 ::DataConnectionModule-> root - INFO - Connection created
2024-06-08 16:47:09,607 ::DataConnectionModule-> root - ERROR - Failed to upload data to marcoscervera_coderhouse.prueba:
Unable to find a usable engine; tried using: 'sqlalchemy'.
A suitable version of sqlalchemy is required for sql I/O support.
Trying to import the above resulted in these errors:
 - Pandas requires version '1.4.16' or newer of 'sqlalchemy' (version '1.3.20' currently installed).
2024-06-08 16:47:09,607 ::DataConnectionModule-> root - ERROR - Not able to upload data
Unable to find a usable engine; tried using: 'sqlalchemy'.
A suitable version of sqlalchemy is required for sql I/O support.
Trying to import the above resulted in these errors:
 - Pandas requires version '1.4.16' or newer of 'sqlalchemy' (version '1.3.20' currently installed).
2024-06-08 16:47:09,608 ::DataConnectionModule-> root - INFO - Connection to Redshift closed.
2024-06-08 16:48:45,906 ::DataConnectionModule-> root - INFO - Connection created
2024-06-08 16:48:45,912 ::DataConnectionModule-> root - ERROR - Failed to upload data to marcoscervera_coderhouse.prueba:
Unable to find a usable engine; tried using: 'sqlalchemy'.
A suitable version of sqlalchemy is required for sql I/O support.
Trying to import the above resulted in these errors:
 - Pandas requires version '1.4.16' or newer of 'sqlalchemy' (version '1.3.20' currently installed).
2024-06-08 16:48:45,912 ::DataConnectionModule-> root - ERROR - Not able to upload data
Unable to find a usable engine; tried using: 'sqlalchemy'.
A suitable version of sqlalchemy is required for sql I/O support.
Trying to import the above resulted in these errors:
 - Pandas requires version '1.4.16' or newer of 'sqlalchemy' (version '1.3.20' currently installed).
2024-06-08 16:48:45,913 ::DataConnectionModule-> root - INFO - Connection to Redshift closed.
2024-06-08 16:53:42,291 ::DataConnectionModule-> root - INFO - Connection created
2024-06-08 16:53:42,291 ::DataConnectionModule-> root - ERROR - Failed to upload data to marcoscervera_coderhouse.prueba:
Unable to find a usable engine; tried using: 'sqlalchemy'.
A suitable version of sqlalchemy is required for sql I/O support.
Trying to import the above resulted in these errors:
 - Pandas requires version '1.4.16' or newer of 'sqlalchemy' (version '1.3.20' currently installed).
2024-06-08 16:53:42,291 ::DataConnectionModule-> root - ERROR - Not able to upload data
Unable to find a usable engine; tried using: 'sqlalchemy'.
A suitable version of sqlalchemy is required for sql I/O support.
Trying to import the above resulted in these errors:
 - Pandas requires version '1.4.16' or newer of 'sqlalchemy' (version '1.3.20' currently installed).
2024-06-08 16:53:42,291 ::DataConnectionModule-> root - INFO - Connection to Redshift closed.
2024-06-08 16:54:34,912 ::DataConnectionModule-> root - INFO - Connection created
2024-06-08 16:54:34,914 ::DataConnectionModule-> root - ERROR - Failed to upload data to marcoscervera_coderhouse.prueba:
Unable to find a usable engine; tried using: 'sqlalchemy'.
A suitable version of sqlalchemy is required for sql I/O support.
Trying to import the above resulted in these errors:
 - Pandas requires version '1.4.16' or newer of 'sqlalchemy' (version '1.3.20' currently installed).
2024-06-08 16:54:34,915 ::DataConnectionModule-> root - ERROR - Not able to upload data
Unable to find a usable engine; tried using: 'sqlalchemy'.
A suitable version of sqlalchemy is required for sql I/O support.
Trying to import the above resulted in these errors:
 - Pandas requires version '1.4.16' or newer of 'sqlalchemy' (version '1.3.20' currently installed).
2024-06-08 16:54:34,917 ::DataConnectionModule-> root - INFO - Connection to Redshift closed.
2024-06-08 16:56:42,430 ::DataConnectionModule-> root - INFO - Connection created
2024-06-08 16:56:42,431 ::DataConnectionModule-> root - ERROR - Failed to upload data to marcoscervera_coderhouse.prueba:
Unable to find a usable engine; tried using: 'sqlalchemy'.
A suitable version of sqlalchemy is required for sql I/O support.
Trying to import the above resulted in these errors:
 - Pandas requires version '1.4.16' or newer of 'sqlalchemy' (version '1.3.20' currently installed).
2024-06-08 16:56:42,431 ::DataConnectionModule-> root - ERROR - Not able to upload data
Unable to find a usable engine; tried using: 'sqlalchemy'.
A suitable version of sqlalchemy is required for sql I/O support.
Trying to import the above resulted in these errors:
 - Pandas requires version '1.4.16' or newer of 'sqlalchemy' (version '1.3.20' currently installed).
2024-06-08 16:56:42,433 ::DataConnectionModule-> root - INFO - Connection to Redshift closed.
2024-06-08 16:58:21,747 ::DataConnectionModule-> root - INFO - Connection created
2024-06-08 16:58:21,755 ::DataConnectionModule-> root - ERROR - Failed to upload data to marcoscervera_coderhouse.prueba:
Unable to find a usable engine; tried using: 'sqlalchemy'.
A suitable version of sqlalchemy is required for sql I/O support.
Trying to import the above resulted in these errors:
 - Pandas requires version '1.4.16' or newer of 'sqlalchemy' (version '1.3.20' currently installed).
2024-06-08 16:58:21,756 ::DataConnectionModule-> root - INFO - Connection to Redshift closed.
2024-06-08 16:58:54,291 ::DataConnectionModule-> root - INFO - Connection created
2024-06-08 16:58:54,299 ::DataConnectionModule-> root - ERROR - Failed to upload data to marcoscervera_coderhouse.prueba:
Unable to find a usable engine; tried using: 'sqlalchemy'.
A suitable version of sqlalchemy is required for sql I/O support.
Trying to import the above resulted in these errors:
 - Pandas requires version '1.4.16' or newer of 'sqlalchemy' (version '1.3.20' currently installed).
2024-06-08 16:58:54,300 ::DataConnectionModule-> root - INFO - Connection to Redshift closed.
2024-06-08 17:01:45,708 ::DataConnectionModule-> root - INFO - Connection created
2024-06-08 17:01:45,710 ::DataConnectionModule-> root - ERROR - Failed to upload data to marcoscervera_coderhouse.prueba:
Unable to find a usable engine; tried using: 'sqlalchemy'.
A suitable version of sqlalchemy is required for sql I/O support.
Trying to import the above resulted in these errors:
 - Pandas requires version '1.4.16' or newer of 'sqlalchemy' (version '1.3.20' currently installed).
2024-06-08 17:01:45,712 ::DataConnectionModule-> root - INFO - Connection to Redshift closed.
2024-06-08 17:11:34,831 ::DataConnectionModule-> root - INFO - Connection created
2024-06-08 17:11:34,833 ::DataConnectionModule-> root - ERROR - Failed to upload data to marcoscervera_coderhouse.prueba:
Unable to find a usable engine; tried using: 'sqlalchemy'.
A suitable version of sqlalchemy is required for sql I/O support.
Trying to import the above resulted in these errors:
 - Pandas requires version '1.4.16' or newer of 'sqlalchemy' (version '1.3.20' currently installed).
2024-06-08 17:11:34,835 ::DataConnectionModule-> root - INFO - Connection to Redshift closed.
2024-06-08 17:12:33,108 ::DataConnectionModule-> root - INFO - Connection created
2024-06-08 17:12:33,110 ::DataConnectionModule-> root - ERROR - Failed to upload data to marcoscervera_coderhouse.prueba:
Unable to find a usable engine; tried using: 'sqlalchemy'.
A suitable version of sqlalchemy is required for sql I/O support.
Trying to import the above resulted in these errors:
 - Pandas requires version '1.4.16' or newer of 'sqlalchemy' (version '1.3.20' currently installed).
2024-06-08 17:12:33,112 ::DataConnectionModule-> root - INFO - Connection to Redshift closed.
2024-06-08 17:20:52,467 ::DataConnectionModule-> root - INFO - Connection created
2024-06-08 17:20:52,467 ::DataConnectionModule-> root - ERROR - Failed to upload data to marcoscervera_coderhouse.prueba:
Unable to find a usable engine; tried using: 'sqlalchemy'.
A suitable version of sqlalchemy is required for sql I/O support.
Trying to import the above resulted in these errors:
 - Pandas requires version '1.4.16' or newer of 'sqlalchemy' (version '1.3.20' currently installed).
2024-06-08 17:20:52,467 ::DataConnectionModule-> root - INFO - Connection to Redshift closed.
